[19:16:42] [Client thread/INFO]: Setting user: Player775
[19:16:42] [Client thread/INFO]: (Session ID is token:0:Player775)
[19:16:43] [Client thread/INFO]: LWJGL Version: 2.9.4
[19:16:44] [Client thread/INFO]: Reloading ResourceManager: Default
[19:16:44] [Client thread/ERROR]: Couldn't initialize twitch stream
[19:16:44] [Sound Library Loader/INFO]: Starting up SoundSystem...
[19:16:44] [Thread-5/INFO]: Initializing LWJGL OpenAL
[19:16:44] [Thread-5/INFO]: (The LWJGL binding of OpenAL.  For more information, see http://www.lwjgl.org)
[19:16:44] [Thread-5/ERROR]: Error in class 'LibraryLWJGLOpenAL'
[19:16:44] [Thread-5/ERROR]: Unable to initialize OpenAL.  Probable cause: OpenAL not supported.
[19:16:44] [Thread-5/WARN]: ERROR MESSAGE:
[19:16:44] [Thread-5/INFO]: Could not locate OpenAL library.
[19:16:44] [Thread-5/WARN]: STACK TRACE:
[19:16:44] [Thread-5/INFO]: org.lwjgl.openal.AL.create(AL.java:156)
[19:16:44] [Thread-5/INFO]: org.lwjgl.openal.AL.create(AL.java:102)
[19:16:44] [Thread-5/INFO]: org.lwjgl.openal.AL.create(AL.java:206)
[19:16:44] [Thread-5/INFO]: paulscode.sound.libraries.LibraryLWJGLOpenAL.init(LibraryLWJGLOpenAL.java:164)
[19:16:44] [Thread-5/INFO]: paulscode.sound.SoundSystem.CommandNewLibrary(SoundSystem.java:1576)
[19:16:44] [Thread-5/INFO]: paulscode.sound.SoundSystem.CommandQueue(SoundSystem.java:2572)
[19:16:44] [Thread-5/INFO]: paulscode.sound.CommandThread.run(CommandThread.java:121)
[19:16:45] [Sound Library Loader/WARN]: ERROR MESSAGE:
[19:16:45] [Sound Library Loader/INFO]: Could not locate OpenAL library.
[19:16:45] [Sound Library Loader/INFO]: Starting up SoundSystem...
[19:16:45] [Thread-7/INFO]: Switching to No Sound
[19:16:45] [Thread-7/INFO]: (Silent Mode)
[19:16:45] [Sound Library Loader/INFO]: Sound engine started
[19:16:47] [Client thread/INFO]: Created: 512x512 textures-atlas
[19:17:13] [Server thread/INFO]: Starting integrated minecraft server version 1.8.8
[19:17:13] [Server thread/INFO]: Generating keypair
[19:17:14] [Server thread/INFO]: Preparing start region for level 0
[19:17:15] [Server thread/INFO]: Preparing spawn area: 7%
[19:17:16] [Server thread/INFO]: Preparing spawn area: 13%
[19:17:17] [Server thread/INFO]: Preparing spawn area: 20%
[19:17:18] [Server thread/INFO]: Preparing spawn area: 31%
[19:17:19] [Server thread/INFO]: Preparing spawn area: 43%
[19:17:20] [Server thread/INFO]: Preparing spawn area: 56%
[19:17:21] [Server thread/INFO]: Preparing spawn area: 72%
[19:17:22] [Server thread/INFO]: Preparing spawn area: 87%
[19:17:23] [Server thread/INFO]: Changing view distance to 12, from 10
[19:17:23] [Server thread/INFO]: Player775[local:E:e64fb375] logged in with entity id 108 at (588.5, 67.0, 164.5)
[19:17:23] [Server thread/INFO]: Player775 joined the game
[19:17:36] [Server thread/INFO]: Saving and pausing game...
[19:17:36] [Server thread/INFO]: Saving chunks for level 'mcpworld'/Overworld
[19:17:37] [Server thread/INFO]: Saving chunks for level 'mcpworld'/Nether
[19:17:37] [Server thread/INFO]: Saving chunks for level 'mcpworld'/The End
[19:19:14] [Client thread/INFO]: Stopping!
[19:19:14] [Client thread/INFO]: SoundSystem shutting down...
[19:19:14] [Server thread/INFO]: Stopping server
[19:19:14] [Server thread/INFO]: Saving players
[19:19:14] [Server thread/INFO]: Saving worlds
[19:19:14] [Server thread/INFO]: Saving chunks for level 'mcpworld'/Overworld
[19:19:14] [Server thread/INFO]: Saving chunks for level 'mcpworld'/Nether
[19:19:14] [Server thread/INFO]: Saving chunks for level 'mcpworld'/The End
[19:19:14] [Client thread/WARN]: Author: Paul Lamb, www.paulscode.com
