[19:15:44] [Client thread/ERROR]: Can't find the resource index file: assets\indexes\1.8.json
[19:15:44] [Client thread/INFO]: Setting user: Player262
[19:15:44] [Client thread/INFO]: (Session ID is token:0:Player262)
[19:15:46] [Client thread/INFO]: LWJGL Version: 2.9.4
[19:15:46] [Client thread/INFO]: Reloading ResourceManager: Default
[19:15:47] [Client thread/ERROR]: Couldn't initialize twitch stream
[19:15:47] [Sound Library Loader/INFO]: Starting up SoundSystem...
[19:15:47] [Thread-5/INFO]: Initializing LWJGL OpenAL
[19:15:47] [Thread-5/INFO]: (The LWJGL binding of OpenAL.  For more information, see http://www.lwjgl.org)
[19:15:47] [Thread-5/ERROR]: Error in class 'LibraryLWJGLOpenAL'
[19:15:47] [Thread-5/ERROR]: Unable to initialize OpenAL.  Probable cause: OpenAL not supported.
[19:15:47] [Thread-5/WARN]: ERROR MESSAGE:
[19:15:47] [Thread-5/INFO]: Could not locate OpenAL library.
[19:15:47] [Thread-5/WARN]: STACK TRACE:
[19:15:47] [Thread-5/INFO]: org.lwjgl.openal.AL.create(AL.java:156)
[19:15:47] [Thread-5/INFO]: org.lwjgl.openal.AL.create(AL.java:102)
[19:15:47] [Thread-5/INFO]: org.lwjgl.openal.AL.create(AL.java:206)
[19:15:47] [Thread-5/INFO]: paulscode.sound.libraries.LibraryLWJGLOpenAL.init(LibraryLWJGLOpenAL.java:164)
[19:15:47] [Thread-5/INFO]: paulscode.sound.SoundSystem.CommandNewLibrary(SoundSystem.java:1576)
[19:15:47] [Thread-5/INFO]: paulscode.sound.SoundSystem.CommandQueue(SoundSystem.java:2572)
[19:15:47] [Thread-5/INFO]: paulscode.sound.CommandThread.run(CommandThread.java:121)
[19:15:47] [Sound Library Loader/WARN]: ERROR MESSAGE:
[19:15:47] [Sound Library Loader/INFO]: Could not locate OpenAL library.
[19:15:47] [Sound Library Loader/INFO]: Starting up SoundSystem...
[19:15:48] [Thread-7/INFO]: Switching to No Sound
[19:15:48] [Thread-7/INFO]: (Silent Mode)
[19:15:48] [Sound Library Loader/INFO]: Sound engine started
[19:15:49] [Client thread/INFO]: Created: 512x512 textures-atlas
[19:15:53] [Client thread/WARN]: Unable to play unknown soundEvent: minecraft:gui.button.press
[19:15:54] [Client thread/WARN]: Unable to play unknown soundEvent: minecraft:gui.button.press
[19:15:55] [Client thread/WARN]: Unable to play unknown soundEvent: minecraft:music.menu
[19:15:57] [Client thread/WARN]: Unable to play unknown soundEvent: minecraft:gui.button.press
[19:15:59] [Client thread/WARN]: Unable to play unknown soundEvent: minecraft:gui.button.press
[19:16:09] [Client thread/WARN]: Unable to play unknown soundEvent: minecraft:music.menu
[19:16:25] [Client thread/WARN]: Unable to play unknown soundEvent: minecraft:music.menu
